TN:
SF:src\classes\ShoppingCart.ts
FN:8,(anonymous_0)
FN:10,(anonymous_1)
FN:14,(anonymous_2)
FN:18,(anonymous_3)
FN:22,(anonymous_4)
FN:24,(anonymous_5)
FN:28,(anonymous_6)
FN:32,(anonymous_7)
FN:36,(anonymous_8)
FNF:9
FNH:9
FNDA:7,(anonymous_0)
FNDA:12,(anonymous_1)
FNDA:2,(anonymous_2)
FNDA:1,(anonymous_3)
FNDA:5,(anonymous_4)
FNDA:10,(anonymous_5)
FNDA:3,(anonymous_6)
FNDA:3,(anonymous_7)
FNDA:1,(anonymous_8)
DA:5,1
DA:6,7
DA:8,7
DA:11,12
DA:15,2
DA:19,1
DA:23,5
DA:24,10
DA:29,3
DA:33,3
DA:37,1
LF:11
LH:11
BRF:0
BRH:0
end_of_record
TN:
SF:src\classes\customer.ts
FN:14,(anonymous_0)
FN:19,(anonymous_1)
FN:22,(anonymous_2)
FN:33,(anonymous_3)
FN:37,(anonymous_4)
FN:40,(anonymous_5)
FNF:6
FNH:6
FNDA:3,(anonymous_0)
FNDA:1,(anonymous_1)
FNDA:1,(anonymous_2)
FNDA:3,(anonymous_3)
FNDA:1,(anonymous_4)
FNDA:1,(anonymous_5)
DA:7,1
DA:15,3
DA:16,3
DA:17,3
DA:20,1
DA:23,1
DA:27,1
DA:34,3
DA:35,3
DA:38,1
DA:41,1
LF:11
LH:11
BRF:0
BRH:0
end_of_record
TN:
SF:src\classes\discount.ts
FN:1,(anonymous_0)
FN:3,(anonymous_1)
FN:8,(anonymous_2)
FN:12,(anonymous_3)
FNF:4
FNH:4
FNDA:10,(anonymous_0)
FNDA:6,(anonymous_1)
FNDA:1,(anonymous_2)
FNDA:1,(anonymous_3)
DA:1,2
DA:2,10
DA:4,6
DA:8,2
DA:9,1
DA:12,2
DA:13,1
DA:16,2
LF:8
LH:8
BRF:0
BRH:0
end_of_record
TN:
SF:src\classes\order.ts
FN:10,(anonymous_0)
FN:17,(anonymous_1)
FN:31,(anonymous_2)
FNF:3
FNH:3
FNDA:4,(anonymous_0)
FNDA:4,(anonymous_1)
FNDA:2,(anonymous_2)
DA:7,1
DA:8,4
DA:11,4
DA:12,4
DA:13,4
DA:14,4
DA:18,4
DA:19,1
DA:20,1
DA:23,3
DA:24,3
DA:27,3
DA:28,3
DA:32,2
LF:14
LH:14
BRDA:18,0,0,1
BRF:1
BRH:1
end_of_record
TN:
SF:src\classes\product.ts
FN:4,(anonymous_0)
FNF:1
FNH:1
FNDA:1,(anonymous_0)
DA:3,1
DA:4,1
LF:2
LH:2
BRF:0
BRH:0
end_of_record
TN:
SF:src\services\messaging.ts
FN:4,(anonymous_0)
FNF:1
FNH:1
FNDA:3,(anonymous_0)
DA:3,1
DA:5,3
LF:2
LH:2
BRF:0
BRH:0
end_of_record
TN:
SF:src\services\persistency.ts
FN:4,(anonymous_0)
FNF:1
FNH:1
FNDA:3,(anonymous_0)
DA:3,1
DA:5,3
LF:2
LH:2
BRF:0
BRH:0
end_of_record
